Arguments: 
  /home/lashanf/.nvm/versions/node/v14.16.0/bin/node /usr/bin/yarn add @types/aws-lamba aws-sdk

PATH: 
  /home/lashanf/.nvm/versions/node/v14.16.0/bin:/home/lashanf/.local/bin:/opt/gradle/gradle-5.0/bin:/usr/local/sbin:/usr/local/bin:/usr/sbin:/usr/bin:/sbin:/bin:/usr/games:/usr/local/games:/snap/bin

Yarn version: 
  1.15.2

Node version: 
  14.16.0

Platform: 
  linux x64

Trace: 
  Error: https://registry.npmjs.org/@types%2faws-lamba: Not found
      at Request.params.callback [as _callback] (/usr/lib/node_modules/yarn/lib/cli.js:66058:18)
      at Request.self.callback (/usr/lib/node_modules/yarn/lib/cli.js:129541:22)
      at Request.emit (events.js:315:20)
      at Request.<anonymous> (/usr/lib/node_modules/yarn/lib/cli.js:130513:10)
      at Request.emit (events.js:315:20)
      at IncomingMessage.<anonymous> (/usr/lib/node_modules/yarn/lib/cli.js:130435:12)
      at Object.onceWrapper (events.js:421:28)
      at IncomingMessage.emit (events.js:327:22)
      at endReadableNT (internal/streams/readable.js:1327:12)
      at processTicksAndRejections (internal/process/task_queues.js:80:21)

npm manifest: 
  {
    "name": "api",
    "version": "1.0.0",
    "description": "",
    "main": "index.js",
    "scripts": {
      "build": "tsc"
    },
    "author": "",
    "license": "ISC"
  }

yarn manifest: 
  No manifest

Lockfile: 
  No lockfile
